Using pre-set license
Built from '2021.3/staging' branch; Version is '2021.3.8f1 (b30333d56e81) revision 11731763'; Using compiler version '192829333'; Build Type 'Release'
OS: 'Windows 11  (10.0.22631) 64bit Core' Language: 'ko' Physical Memory: 16294 MB
BatchMode: 1, IsHumanControllingUs: 0, StartBugReporterOnCrash: 0, Is64bit: 1, IsPro: 1

COMMAND LINE ARGUMENTS:
D:\UnitySystemFile\2021.3.8f1\Editor\Unity.exe
-adb2
-batchMode
-noUpm
-name
AssetImportWorker1
-projectPath
D:/GitHub/Project/4.FiveScent/5Scent_UnityFile
-logFile
Logs/AssetImportWorker1.log
-srvPort
13003
Successfully changed project path to: D:/GitHub/Project/4.FiveScent/5Scent_UnityFile
D:/GitHub/Project/4.FiveScent/5Scent_UnityFile
[UnityMemory] Configuration Parameters - Can be set up in boot.config
    "memorysetup-bucket-allocator-granularity=16"
    "memorysetup-bucket-allocator-bucket-count=8"
    "memorysetup-bucket-allocator-block-size=33554432"
    "memorysetup-bucket-allocator-block-count=8"
    "memorysetup-main-allocator-block-size=16777216"
    "memorysetup-thread-allocator-block-size=16777216"
    "memorysetup-gfx-main-allocator-block-size=16777216"
    "memorysetup-gfx-thread-allocator-block-size=16777216"
    "memorysetup-cache-allocator-block-size=4194304"
    "memorysetup-typetree-allocator-block-size=2097152"
    "memorysetup-profiler-bucket-allocator-granularity=16"
    "memorysetup-profiler-bucket-allocator-bucket-count=8"
    "memorysetup-profiler-bucket-allocator-block-size=33554432"
    "memorysetup-profiler-bucket-allocator-block-count=8"
    "memorysetup-profiler-allocator-block-size=16777216"
    "memorysetup-profiler-editor-allocator-block-size=1048576"
    "memorysetup-temp-allocator-size-main=16777216"
    "memorysetup-job-temp-allocator-block-size=2097152"
    "memorysetup-job-temp-allocator-block-size-background=1048576"
    "memorysetup-job-temp-allocator-reduction-small-platforms=262144"
    "memorysetup-temp-allocator-size-background-worker=32768"
    "memorysetup-temp-allocator-size-job-worker=262144"
    "memorysetup-temp-allocator-size-preload-manager=33554432"
    "memorysetup-temp-allocator-size-nav-mesh-worker=65536"
    "memorysetup-temp-allocator-size-audio-worker=65536"
    "memorysetup-temp-allocator-size-cloud-worker=32768"
    "memorysetup-temp-allocator-size-gi-baking-worker=262144"
    "memorysetup-temp-allocator-size-gfx=262144"
Refreshing native plugins compatible for Editor in 82.00 ms, found 4 plugins.
Preloading 0 native plugins for Editor in 0.00 ms.
Initialize engine version: 2021.3.8f1 (b30333d56e81)
[Subsystems] Discovering subsystems at path D:/UnitySystemFile/2021.3.8f1/Editor/Data/Resources/UnitySubsystems
[Subsystems] Discovering subsystems at path D:/GitHub/Project/4.FiveScent/5Scent_UnityFile/Assets
GfxDevice: creating device client; threaded=0; jobified=0
Direct3D:
    Version:  Direct3D 11.0 [level 11.1]
    Renderer: NVIDIA GeForce RTX 2060 (ID=0x1f03)
    Vendor:   NVIDIA
    VRAM:     12087 MB
    Driver:   31.0.15.1694
Initialize mono
Mono path[0] = 'D:/UnitySystemFile/2021.3.8f1/Editor/Data/Managed'
Mono path[1] = 'D:/UnitySystemFile/2021.3.8f1/Editor/Data/MonoBleedingEdge/lib/mono/unityjit-win32'
Mono config path = 'D:/UnitySystemFile/2021.3.8f1/Editor/Data/MonoBleedingEdge/etc'
Using monoOptions --debugger-agent=transport=dt_socket,embedding=1,server=y,suspend=n,address=127.0.0.1:56200
Begin MonoManager ReloadAssembly
Registering precompiled unity dll's ...
Register platform support module: D:/UnitySystemFile/2021.3.8f1/Editor/Data/PlaybackEngines/WindowsStandaloneSupport/UnityEditor.WindowsStandalone.Extensions.dll
Registered in 0.002321 seconds.
Native extension for WindowsStandalone target not found
Refreshing native plugins compatible for Editor in 81.03 ms, found 4 plugins.
Preloading 0 native plugins for Editor in 0.00 ms.
Mono: successfully reloaded assembly
- Completed reload, in  0.487 seconds
Domain Reload Profiling:
	ReloadAssembly (487ms)
		BeginReloadAssembly (63ms)
			ExecutionOrderSort (0ms)
			DisableScriptedObjects (0ms)
			BackupInstance (0ms)
			ReleaseScriptingObjects (0ms)
			CreateAndSetChildDomain (1ms)
		EndReloadAssembly (342ms)
			LoadAssemblies (63ms)
			RebuildTransferFunctionScriptingTraits (0ms)
			SetupTypeCache (72ms)
			ReleaseScriptCaches (0ms)
			RebuildScriptCaches (21ms)
			SetupLoadedEditorAssemblies (212ms)
				LogAssemblyErrors (0ms)
				InitializePlatformSupportModulesInManaged (6ms)
				SetLoadedEditorAssemblies (0ms)
				RefreshPlugins (81ms)
				BeforeProcessingInitializeOnLoad (1ms)
				ProcessInitializeOnLoadAttributes (90ms)
				ProcessInitializeOnLoadMethodAttributes (34ms)
				AfterProcessingInitializeOnLoad (0ms)
				EditorAssembliesLoaded (0ms)
			ExecutionOrderSort2 (0ms)
			AwakeInstancesAfterBackupRestoration (0ms)
Platform modules already initialized, skipping
Registering precompiled user dll's ...
Registered in 0.006552 seconds.
Begin MonoManager ReloadAssembly
Symbol file LoadedFromMemory doesn't match image D:\GitHub\Project\4.FiveScent\5Scent_UnityFile\Library\PackageCache\com.unity.visualscripting@1.7.8\Editor\VisualScripting.Core\Dependencies\YamlDotNet\Unity.VisualScripting.YamlDotNet.dll
Symbol file LoadedFromMemory doesn't match image D:\GitHub\Project\4.FiveScent\5Scent_UnityFile\Library\PackageCache\com.unity.visualscripting@1.7.8\Editor\VisualScripting.Core\Dependencies\DotNetZip\Unity.VisualScripting.IonicZip.dll
Native extension for WindowsStandalone target not found
Refreshing native plugins compatible for Editor in 83.64 ms, found 4 plugins.
Preloading 0 native plugins for Editor in 0.00 ms.
Mono: successfully reloaded assembly
- Completed reload, in  0.981 seconds
Domain Reload Profiling:
	ReloadAssembly (982ms)
		BeginReloadAssembly (95ms)
			ExecutionOrderSort (0ms)
			DisableScriptedObjects (4ms)
			BackupInstance (0ms)
			ReleaseScriptingObjects (0ms)
			CreateAndSetChildDomain (15ms)
		EndReloadAssembly (796ms)
			LoadAssemblies (107ms)
			RebuildTransferFunctionScriptingTraits (0ms)
			SetupTypeCache (185ms)
			ReleaseScriptCaches (1ms)
			RebuildScriptCaches (47ms)
			SetupLoadedEditorAssemblies (433ms)
				LogAssemblyErrors (0ms)
				InitializePlatformSupportModulesInManaged (3ms)
				SetLoadedEditorAssemblies (0ms)
				RefreshPlugins (84ms)
				BeforeProcessingInitializeOnLoad (80ms)
				ProcessInitializeOnLoadAttributes (223ms)
				ProcessInitializeOnLoadMethodAttributes (40ms)
				AfterProcessingInitializeOnLoad (3ms)
				EditorAssembliesLoaded (0ms)
			ExecutionOrderSort2 (0ms)
			AwakeInstancesAfterBackupRestoration (6ms)
Platform modules already initialized, skipping
========================================================================
Worker process is ready to serve import requests
Launched and connected shader compiler UnityShaderCompiler.exe after 0.06 seconds
Refreshing native plugins compatible for Editor in 1.29 ms, found 4 plugins.
Preloading 0 native plugins for Editor in 0.00 ms.
Unloading 4168 Unused Serialized files (Serialized files now loaded: 0)
Unloading 38 unused Assets / (55.4 KB). Loaded Objects now: 4628.
Memory consumption went from 158.2 MB to 158.1 MB.
Total: 2.983300 ms (FindLiveObjects: 0.282500 ms CreateObjectMapping: 0.093800 ms MarkObjects: 2.545600 ms  DeleteObjects: 0.060700 ms)

AssetImportParameters requested are different than current active one (requested -> active):
  custom:video-decoder-ogg-theora: a1e56fd34408186e4bbccfd4996cb3dc -> 
  custom:container-muxer-webm: aa71ff27fc2769a1b78a27578f13a17b -> 
  custom:container-demuxer-webm: 4f35f7cbe854078d1ac9338744f61a02 -> 
  custom:video-encoder-webm-vp8: eb34c28f22e8b96e1ab97ce403110664 -> 
  custom:audio-encoder-webm-vorbis: bf7c407c2cedff20999df2af8eb42d56 -> 
  custom:framework-win-MediaFoundation: 216162199b28c13a410421893ffa2e32 -> 
  custom:container-demuxer-ogg: 62fdf1f143b41e24485cea50d1cbac27 -> 
  custom:video-decoder-webm-vp8: 9c59270c3fd7afecdb556c50c9e8de78 -> 
  custom:audio-decoder-ogg-vorbis: bf7c407c2cedff20999df2af8eb42d56 -> 
========================================================================
Received Prepare
Registering precompiled user dll's ...
Registered in 0.007535 seconds.
Begin MonoManager ReloadAssembly
Symbol file LoadedFromMemory doesn't match image D:\GitHub\Project\4.FiveScent\5Scent_UnityFile\Library\PackageCache\com.unity.visualscripting@1.7.8\Editor\VisualScripting.Core\Dependencies\YamlDotNet\Unity.VisualScripting.YamlDotNet.dll
Symbol file LoadedFromMemory doesn't match image D:\GitHub\Project\4.FiveScent\5Scent_UnityFile\Library\PackageCache\com.unity.visualscripting@1.7.8\Editor\VisualScripting.Core\Dependencies\DotNetZip\Unity.VisualScripting.IonicZip.dll
Native extension for WindowsStandalone target not found
Refreshing native plugins compatible for Editor in 0.74 ms, found 4 plugins.
Preloading 0 native plugins for Editor in 0.00 ms.
Mono: successfully reloaded assembly
- Completed reload, in  0.799 seconds
Domain Reload Profiling:
	ReloadAssembly (800ms)
		BeginReloadAssembly (133ms)
			ExecutionOrderSort (0ms)
			DisableScriptedObjects (6ms)
			BackupInstance (0ms)
			ReleaseScriptingObjects (0ms)
			CreateAndSetChildDomain (38ms)
		EndReloadAssembly (595ms)
			LoadAssemblies (100ms)
			RebuildTransferFunctionScriptingTraits (0ms)
			SetupTypeCache (167ms)
			ReleaseScriptCaches (1ms)
			RebuildScriptCaches (32ms)
			SetupLoadedEditorAssemblies (286ms)
				LogAssemblyErrors (0ms)
				InitializePlatformSupportModulesInManaged (10ms)
				SetLoadedEditorAssemblies (0ms)
				RefreshPlugins (1ms)
				BeforeProcessingInitializeOnLoad (61ms)
				ProcessInitializeOnLoadAttributes (182ms)
				ProcessInitializeOnLoadMethodAttributes (29ms)
				AfterProcessingInitializeOnLoad (3ms)
				EditorAssembliesLoaded (0ms)
			ExecutionOrderSort2 (0ms)
			AwakeInstancesAfterBackupRestoration (8ms)
Platform modules already initialized, skipping
Refreshing native plugins compatible for Editor in 2.05 ms, found 4 plugins.
Preloading 0 native plugins for Editor in 0.00 ms.
Unloading 4137 Unused Serialized files (Serialized files now loaded: 0)
Unloading 25 unused Assets / (24.6 KB). Loaded Objects now: 4631.
Memory consumption went from 155.6 MB to 155.5 MB.
Total: 2.749000 ms (FindLiveObjects: 0.216200 ms CreateObjectMapping: 0.124300 ms MarkObjects: 2.385600 ms  DeleteObjects: 0.022100 ms)

AssetImportParameters requested are different than current active one (requested -> active):
  custom:video-decoder-ogg-theora: a1e56fd34408186e4bbccfd4996cb3dc -> 
  custom:container-muxer-webm: aa71ff27fc2769a1b78a27578f13a17b -> 
  custom:container-demuxer-webm: 4f35f7cbe854078d1ac9338744f61a02 -> 
  custom:video-encoder-webm-vp8: eb34c28f22e8b96e1ab97ce403110664 -> 
  custom:audio-encoder-webm-vorbis: bf7c407c2cedff20999df2af8eb42d56 -> 
  custom:framework-win-MediaFoundation: 216162199b28c13a410421893ffa2e32 -> 
  custom:container-demuxer-ogg: 62fdf1f143b41e24485cea50d1cbac27 -> 
  custom:video-decoder-webm-vp8: 9c59270c3fd7afecdb556c50c9e8de78 -> 
  custom:audio-decoder-ogg-vorbis: bf7c407c2cedff20999df2af8eb42d56 -> 
========================================================================
Received Import Request.
  Time since last request: 23657.636318 seconds.
  path: Assets/Prefab/InteractionObject.prefab
  artifactKey: Guid(cf78339a17fe5464a97b639b6a3a5733) Importer(815301076,1909f56bfc062723c751e8b465ee728b)
Start importing Assets/Prefab/InteractionObject.prefab using Guid(cf78339a17fe5464a97b639b6a3a5733) Importer(815301076,1909f56bfc062723c751e8b465ee728b)  -> (artifact id: '4e4e703040e859809aa99603c27d7ef3') in 0.111924 seconds 
========================================================================
Received Import Request.
  Time since last request: 0.000024 seconds.
  path: Assets/Prefab/temp_1687437827470.1268142493.png
  artifactKey: Guid(c63fc5e4f8175df4f8ecca30b350df64) Importer(815301076,1909f56bfc062723c751e8b465ee728b)
Start importing Assets/Prefab/temp_1687437827470.1268142493.png using Guid(c63fc5e4f8175df4f8ecca30b350df64) Importer(815301076,1909f56bfc062723c751e8b465ee728b)  -> (artifact id: '05f479acb66cd348fb914d90308a147a') in 0.156568 seconds 
========================================================================
Received Import Request.
  Time since last request: 0.155901 seconds.
  path: Assets/Image/KakaoTalk_20230623_034346229_01.png
  artifactKey: Guid(b983ee8adb2289c44a716c3e0d17d37b) Importer(815301076,1909f56bfc062723c751e8b465ee728b)
Start importing Assets/Image/KakaoTalk_20230623_034346229_01.png using Guid(b983ee8adb2289c44a716c3e0d17d37b) Importer(815301076,1909f56bfc062723c751e8b465ee728b)  -> (artifact id: '46d51d049a394bf0b7c058c368d1b4e9') in 0.074423 seconds 
========================================================================
Received Import Request.
  Time since last request: 0.000022 seconds.
  path: Assets/Image/ㅇㄷㅂㅍ.png
  artifactKey: Guid(49e69e0032c51ee4a90a39b1f4661ced) Importer(815301076,1909f56bfc062723c751e8b465ee728b)
Start importing Assets/Image/ㅇㄷㅂㅍ.png using Guid(49e69e0032c51ee4a90a39b1f4661ced) Importer(815301076,1909f56bfc062723c751e8b465ee728b)  -> (artifact id: '02b0d31cd343bd0d09407fc899ad2e5e') in 0.064832 seconds 
========================================================================
Received Import Request.
  Time since last request: 0.000031 seconds.
  path: Assets/Image/KakaoTalk_20230623_034917309_01.png
  artifactKey: Guid(1d047b34d5ce5b54785403f73e49094f) Importer(815301076,1909f56bfc062723c751e8b465ee728b)
Start importing Assets/Image/KakaoTalk_20230623_034917309_01.png using Guid(1d047b34d5ce5b54785403f73e49094f) Importer(815301076,1909f56bfc062723c751e8b465ee728b)  -> (artifact id: 'a5041428f94454ce141d7a6f3f69788e') in 0.121606 seconds 
========================================================================
Received Import Request.
  Time since last request: 0.000021 seconds.
  path: Assets/Image/KakaoTalk_20230623_034917309_05.png
  artifactKey: Guid(70aecaeb05e145b4ebfb01d8b1da9ee6) Importer(815301076,1909f56bfc062723c751e8b465ee728b)
Start importing Assets/Image/KakaoTalk_20230623_034917309_05.png using Guid(70aecaeb05e145b4ebfb01d8b1da9ee6) Importer(815301076,1909f56bfc062723c751e8b465ee728b)  -> (artifact id: '33c053990fe72769681a0991e4b108c2') in 0.062937 seconds 
========================================================================
Received Import Request.
  Time since last request: 0.000023 seconds.
  path: Assets/Image/KakaoTalk_20230623_034917309_04.png
  artifactKey: Guid(dd02655555729ac4093df07fa5b4f297) Importer(815301076,1909f56bfc062723c751e8b465ee728b)
Start importing Assets/Image/KakaoTalk_20230623_034917309_04.png using Guid(dd02655555729ac4093df07fa5b4f297) Importer(815301076,1909f56bfc062723c751e8b465ee728b)  -> (artifact id: '3519497561be9cca2ecdfadf502c52ec') in 0.138297 seconds 
========================================================================
Received Import Request.
  Time since last request: 0.000018 seconds.
  path: Assets/Image/KakaoTalk_20230623_034917309_02.png
  artifactKey: Guid(bb0bb27f1c933fb459fd10f78fb18839) Importer(815301076,1909f56bfc062723c751e8b465ee728b)
Start importing Assets/Image/KakaoTalk_20230623_034917309_02.png using Guid(bb0bb27f1c933fb459fd10f78fb18839) Importer(815301076,1909f56bfc062723c751e8b465ee728b)  -> (artifact id: '68de3b9c45b309ae652f98f60363784b') in 0.061391 seconds 
========================================================================
Received Import Request.
  Time since last request: 0.000024 seconds.
  path: Assets/Image/KakaoTalk_20230623_040448366.png
  artifactKey: Guid(15ad5f3e14044924985035ca5b6de20b) Importer(815301076,1909f56bfc062723c751e8b465ee728b)
Start importing Assets/Image/KakaoTalk_20230623_040448366.png using Guid(15ad5f3e14044924985035ca5b6de20b) Importer(815301076,1909f56bfc062723c751e8b465ee728b)  -> (artifact id: 'bbc4092fbf82684a1e999b997ba29c90') in 0.034061 seconds 
========================================================================
Received Import Request.
  Time since last request: 0.354106 seconds.
  path: Assets/Font/NotoSansKR-Medium 1 SDF.asset
  artifactKey: Guid(cf1855d8cb41cc24090fbec3598b9805) Importer(815301076,1909f56bfc062723c751e8b465ee728b)
Start importing Assets/Font/NotoSansKR-Medium 1 SDF.asset using Guid(cf1855d8cb41cc24090fbec3598b9805) Importer(815301076,1909f56bfc062723c751e8b465ee728b)  -> (artifact id: '006537b7266b8352deae2f607bcfc6b4') in 2.572722 seconds 
========================================================================
Received Import Request.
  Time since last request: 0.000022 seconds.
  path: Assets/Font/SUITE-Regular SDF.asset
  artifactKey: Guid(37819513f253b8242961a110195625d5) Importer(815301076,1909f56bfc062723c751e8b465ee728b)
Start importing Assets/Font/SUITE-Regular SDF.asset using Guid(37819513f253b8242961a110195625d5) Importer(815301076,1909f56bfc062723c751e8b465ee728b)  -> (artifact id: '0d83d9851d1d7876f0e4b07f6bdbf02f') in 0.226157 seconds 
