Using pre-set license
Built from '2021.3/staging' branch; Version is '2021.3.8f1 (b30333d56e81) revision 11731763'; Using compiler version '192829333'; Build Type 'Release'
OS: 'Windows 11  (10.0.22631) 64bit Core' Language: 'ko' Physical Memory: 16294 MB
BatchMode: 1, IsHumanControllingUs: 0, StartBugReporterOnCrash: 0, Is64bit: 1, IsPro: 1

COMMAND LINE ARGUMENTS:
D:\UnitySystemFile\2021.3.8f1\Editor\Unity.exe
-adb2
-batchMode
-noUpm
-name
AssetImportWorker0
-projectPath
D:/GitHub/Project/4.FiveScent/5Scent_UnityFile
-logFile
Logs/AssetImportWorker0.log
-srvPort
13003
Successfully changed project path to: D:/GitHub/Project/4.FiveScent/5Scent_UnityFile
D:/GitHub/Project/4.FiveScent/5Scent_UnityFile
[UnityMemory] Configuration Parameters - Can be set up in boot.config
    "memorysetup-bucket-allocator-granularity=16"
    "memorysetup-bucket-allocator-bucket-count=8"
    "memorysetup-bucket-allocator-block-size=33554432"
    "memorysetup-bucket-allocator-block-count=8"
    "memorysetup-main-allocator-block-size=16777216"
    "memorysetup-thread-allocator-block-size=16777216"
    "memorysetup-gfx-main-allocator-block-size=16777216"
    "memorysetup-gfx-thread-allocator-block-size=16777216"
    "memorysetup-cache-allocator-block-size=4194304"
    "memorysetup-typetree-allocator-block-size=2097152"
    "memorysetup-profiler-bucket-allocator-granularity=16"
    "memorysetup-profiler-bucket-allocator-bucket-count=8"
    "memorysetup-profiler-bucket-allocator-block-size=33554432"
    "memorysetup-profiler-bucket-allocator-block-count=8"
    "memorysetup-profiler-allocator-block-size=16777216"
    "memorysetup-profiler-editor-allocator-block-size=1048576"
    "memorysetup-temp-allocator-size-main=16777216"
    "memorysetup-job-temp-allocator-block-size=2097152"
    "memorysetup-job-temp-allocator-block-size-background=1048576"
    "memorysetup-job-temp-allocator-reduction-small-platforms=262144"
    "memorysetup-temp-allocator-size-background-worker=32768"
    "memorysetup-temp-allocator-size-job-worker=262144"
    "memorysetup-temp-allocator-size-preload-manager=33554432"
    "memorysetup-temp-allocator-size-nav-mesh-worker=65536"
    "memorysetup-temp-allocator-size-audio-worker=65536"
    "memorysetup-temp-allocator-size-cloud-worker=32768"
    "memorysetup-temp-allocator-size-gi-baking-worker=262144"
    "memorysetup-temp-allocator-size-gfx=262144"
Refreshing native plugins compatible for Editor in 83.75 ms, found 4 plugins.
Preloading 0 native plugins for Editor in 0.00 ms.
Initialize engine version: 2021.3.8f1 (b30333d56e81)
[Subsystems] Discovering subsystems at path D:/UnitySystemFile/2021.3.8f1/Editor/Data/Resources/UnitySubsystems
[Subsystems] Discovering subsystems at path D:/GitHub/Project/4.FiveScent/5Scent_UnityFile/Assets
GfxDevice: creating device client; threaded=0; jobified=0
Direct3D:
    Version:  Direct3D 11.0 [level 11.1]
    Renderer: NVIDIA GeForce RTX 2060 (ID=0x1f03)
    Vendor:   NVIDIA
    VRAM:     12087 MB
    Driver:   31.0.15.1694
Initialize mono
Mono path[0] = 'D:/UnitySystemFile/2021.3.8f1/Editor/Data/Managed'
Mono path[1] = 'D:/UnitySystemFile/2021.3.8f1/Editor/Data/MonoBleedingEdge/lib/mono/unityjit-win32'
Mono config path = 'D:/UnitySystemFile/2021.3.8f1/Editor/Data/MonoBleedingEdge/etc'
Using monoOptions --debugger-agent=transport=dt_socket,embedding=1,server=y,suspend=n,address=127.0.0.1:56276
Begin MonoManager ReloadAssembly
Registering precompiled unity dll's ...
Register platform support module: D:/UnitySystemFile/2021.3.8f1/Editor/Data/PlaybackEngines/WindowsStandaloneSupport/UnityEditor.WindowsStandalone.Extensions.dll
Registered in 0.002468 seconds.
Native extension for WindowsStandalone target not found
Refreshing native plugins compatible for Editor in 82.97 ms, found 4 plugins.
Preloading 0 native plugins for Editor in 0.00 ms.
Mono: successfully reloaded assembly
- Completed reload, in  0.487 seconds
Domain Reload Profiling:
	ReloadAssembly (487ms)
		BeginReloadAssembly (62ms)
			ExecutionOrderSort (0ms)
			DisableScriptedObjects (0ms)
			BackupInstance (0ms)
			ReleaseScriptingObjects (0ms)
			CreateAndSetChildDomain (0ms)
		EndReloadAssembly (344ms)
			LoadAssemblies (62ms)
			RebuildTransferFunctionScriptingTraits (0ms)
			SetupTypeCache (74ms)
			ReleaseScriptCaches (0ms)
			RebuildScriptCaches (20ms)
			SetupLoadedEditorAssemblies (213ms)
				LogAssemblyErrors (0ms)
				InitializePlatformSupportModulesInManaged (5ms)
				SetLoadedEditorAssemblies (0ms)
				RefreshPlugins (83ms)
				BeforeProcessingInitializeOnLoad (1ms)
				ProcessInitializeOnLoadAttributes (90ms)
				ProcessInitializeOnLoadMethodAttributes (33ms)
				AfterProcessingInitializeOnLoad (0ms)
				EditorAssembliesLoaded (0ms)
			ExecutionOrderSort2 (0ms)
			AwakeInstancesAfterBackupRestoration (0ms)
Platform modules already initialized, skipping
Registering precompiled user dll's ...
Registered in 0.006392 seconds.
Begin MonoManager ReloadAssembly
Symbol file LoadedFromMemory doesn't match image D:\GitHub\Project\4.FiveScent\5Scent_UnityFile\Library\PackageCache\com.unity.visualscripting@1.7.8\Editor\VisualScripting.Core\Dependencies\YamlDotNet\Unity.VisualScripting.YamlDotNet.dll
Symbol file LoadedFromMemory doesn't match image D:\GitHub\Project\4.FiveScent\5Scent_UnityFile\Library\PackageCache\com.unity.visualscripting@1.7.8\Editor\VisualScripting.Core\Dependencies\DotNetZip\Unity.VisualScripting.IonicZip.dll
Native extension for WindowsStandalone target not found
Refreshing native plugins compatible for Editor in 82.99 ms, found 4 plugins.
Preloading 0 native plugins for Editor in 0.00 ms.
Mono: successfully reloaded assembly
- Completed reload, in  0.993 seconds
Domain Reload Profiling:
	ReloadAssembly (994ms)
		BeginReloadAssembly (94ms)
			ExecutionOrderSort (0ms)
			DisableScriptedObjects (4ms)
			BackupInstance (0ms)
			ReleaseScriptingObjects (0ms)
			CreateAndSetChildDomain (15ms)
		EndReloadAssembly (809ms)
			LoadAssemblies (110ms)
			RebuildTransferFunctionScriptingTraits (0ms)
			SetupTypeCache (196ms)
			ReleaseScriptCaches (1ms)
			RebuildScriptCaches (48ms)
			SetupLoadedEditorAssemblies (429ms)
				LogAssemblyErrors (0ms)
				InitializePlatformSupportModulesInManaged (3ms)
				SetLoadedEditorAssemblies (0ms)
				RefreshPlugins (83ms)
				BeforeProcessingInitializeOnLoad (76ms)
				ProcessInitializeOnLoadAttributes (230ms)
				ProcessInitializeOnLoadMethodAttributes (34ms)
				AfterProcessingInitializeOnLoad (3ms)
				EditorAssembliesLoaded (0ms)
			ExecutionOrderSort2 (0ms)
			AwakeInstancesAfterBackupRestoration (5ms)
Platform modules already initialized, skipping
========================================================================
Worker process is ready to serve import requests
Launched and connected shader compiler UnityShaderCompiler.exe after 0.05 seconds
Refreshing native plugins compatible for Editor in 0.99 ms, found 4 plugins.
Preloading 0 native plugins for Editor in 0.00 ms.
Unloading 4168 Unused Serialized files (Serialized files now loaded: 0)
Unloading 38 unused Assets / (55.4 KB). Loaded Objects now: 4628.
Memory consumption went from 158.2 MB to 158.1 MB.
Total: 3.329000 ms (FindLiveObjects: 0.447100 ms CreateObjectMapping: 0.099200 ms MarkObjects: 2.645700 ms  DeleteObjects: 0.136000 ms)

AssetImportParameters requested are different than current active one (requested -> active):
  custom:video-decoder-ogg-theora: a1e56fd34408186e4bbccfd4996cb3dc -> 
  custom:container-muxer-webm: aa71ff27fc2769a1b78a27578f13a17b -> 
  custom:container-demuxer-webm: 4f35f7cbe854078d1ac9338744f61a02 -> 
  custom:video-encoder-webm-vp8: eb34c28f22e8b96e1ab97ce403110664 -> 
  custom:audio-encoder-webm-vorbis: bf7c407c2cedff20999df2af8eb42d56 -> 
  custom:framework-win-MediaFoundation: 216162199b28c13a410421893ffa2e32 -> 
  custom:container-demuxer-ogg: 62fdf1f143b41e24485cea50d1cbac27 -> 
  custom:video-decoder-webm-vp8: 9c59270c3fd7afecdb556c50c9e8de78 -> 
  custom:audio-decoder-ogg-vorbis: bf7c407c2cedff20999df2af8eb42d56 -> 
========================================================================
Received Import Request.
  Time since last request: 22518.853441 seconds.
  path: Assets/Script/tostring.cs
  artifactKey: Guid(1425411d6eadc1e4dbb108f7483f8da3) Importer(815301076,1909f56bfc062723c751e8b465ee728b)
Start importing Assets/Script/tostring.cs using Guid(1425411d6eadc1e4dbb108f7483f8da3) Importer(815301076,1909f56bfc062723c751e8b465ee728b)  -> (artifact id: '732e298999aff0224a91d116c731c09c') in 0.048498 seconds 
========================================================================
Received Prepare
Registering precompiled user dll's ...
Registered in 0.007914 seconds.
Begin MonoManager ReloadAssembly
Symbol file LoadedFromMemory doesn't match image D:\GitHub\Project\4.FiveScent\5Scent_UnityFile\Library\PackageCache\com.unity.visualscripting@1.7.8\Editor\VisualScripting.Core\Dependencies\YamlDotNet\Unity.VisualScripting.YamlDotNet.dll
Symbol file LoadedFromMemory doesn't match image D:\GitHub\Project\4.FiveScent\5Scent_UnityFile\Library\PackageCache\com.unity.visualscripting@1.7.8\Editor\VisualScripting.Core\Dependencies\DotNetZip\Unity.VisualScripting.IonicZip.dll
Native extension for WindowsStandalone target not found
Refreshing native plugins compatible for Editor in 0.85 ms, found 4 plugins.
Preloading 0 native plugins for Editor in 0.00 ms.
Mono: successfully reloaded assembly
- Completed reload, in  0.799 seconds
Domain Reload Profiling:
	ReloadAssembly (800ms)
		BeginReloadAssembly (133ms)
			ExecutionOrderSort (0ms)
			DisableScriptedObjects (7ms)
			BackupInstance (0ms)
			ReleaseScriptingObjects (0ms)
			CreateAndSetChildDomain (39ms)
		EndReloadAssembly (596ms)
			LoadAssemblies (97ms)
			RebuildTransferFunctionScriptingTraits (0ms)
			SetupTypeCache (167ms)
			ReleaseScriptCaches (1ms)
			RebuildScriptCaches (31ms)
			SetupLoadedEditorAssemblies (287ms)
				LogAssemblyErrors (0ms)
				InitializePlatformSupportModulesInManaged (9ms)
				SetLoadedEditorAssemblies (0ms)
				RefreshPlugins (1ms)
				BeforeProcessingInitializeOnLoad (61ms)
				ProcessInitializeOnLoadAttributes (184ms)
				ProcessInitializeOnLoadMethodAttributes (28ms)
				AfterProcessingInitializeOnLoad (3ms)
				EditorAssembliesLoaded (0ms)
			ExecutionOrderSort2 (0ms)
			AwakeInstancesAfterBackupRestoration (8ms)
Platform modules already initialized, skipping
Refreshing native plugins compatible for Editor in 2.29 ms, found 4 plugins.
Preloading 0 native plugins for Editor in 0.00 ms.
Unloading 4137 Unused Serialized files (Serialized files now loaded: 0)
Unloading 25 unused Assets / (24.6 KB). Loaded Objects now: 4631.
Memory consumption went from 155.6 MB to 155.5 MB.
Total: 2.625100 ms (FindLiveObjects: 0.235000 ms CreateObjectMapping: 0.081900 ms MarkObjects: 2.285000 ms  DeleteObjects: 0.022300 ms)

AssetImportParameters requested are different than current active one (requested -> active):
  custom:video-decoder-ogg-theora: a1e56fd34408186e4bbccfd4996cb3dc -> 
  custom:container-muxer-webm: aa71ff27fc2769a1b78a27578f13a17b -> 
  custom:container-demuxer-webm: 4f35f7cbe854078d1ac9338744f61a02 -> 
  custom:video-encoder-webm-vp8: eb34c28f22e8b96e1ab97ce403110664 -> 
  custom:audio-encoder-webm-vorbis: bf7c407c2cedff20999df2af8eb42d56 -> 
  custom:framework-win-MediaFoundation: 216162199b28c13a410421893ffa2e32 -> 
  custom:container-demuxer-ogg: 62fdf1f143b41e24485cea50d1cbac27 -> 
  custom:video-decoder-webm-vp8: 9c59270c3fd7afecdb556c50c9e8de78 -> 
  custom:audio-decoder-ogg-vorbis: bf7c407c2cedff20999df2af8eb42d56 -> 
========================================================================
Received Import Request.
  Time since last request: 1000.579523 seconds.
  path: Assets/Script/ObjectManager.cs
  artifactKey: Guid(768b1fcda98660146a565c84b4ddacee) Importer(815301076,1909f56bfc062723c751e8b465ee728b)
Start importing Assets/Script/ObjectManager.cs using Guid(768b1fcda98660146a565c84b4ddacee) Importer(815301076,1909f56bfc062723c751e8b465ee728b)  -> (artifact id: '0986fce5b12cbb0c1eec956df03c137b') in 0.012535 seconds 
========================================================================
Received Import Request.
  Time since last request: 6.861552 seconds.
  path: Assets/Script/Puzzle_final.cs
  artifactKey: Guid(b99ff38ce61152b4492575cd27f901c4) Importer(815301076,1909f56bfc062723c751e8b465ee728b)
Start importing Assets/Script/Puzzle_final.cs using Guid(b99ff38ce61152b4492575cd27f901c4) Importer(815301076,1909f56bfc062723c751e8b465ee728b)  -> (artifact id: '2e5cf12a5162af07a6eceeb1821783c3') in 0.007100 seconds 
========================================================================
Received Import Request.
  Time since last request: 0.533942 seconds.
  path: Assets/Script/quiz.cs
  artifactKey: Guid(aab7be6f5dd7ca44f93f636a2d66bac3) Importer(815301076,1909f56bfc062723c751e8b465ee728b)
Start importing Assets/Script/quiz.cs using Guid(aab7be6f5dd7ca44f93f636a2d66bac3) Importer(815301076,1909f56bfc062723c751e8b465ee728b)  -> (artifact id: 'fffe73873fcd38a78fe9a1a6ac0c46b0') in 0.018701 seconds 
========================================================================
Received Import Request.
  Time since last request: 0.799493 seconds.
  path: Assets/Script/sound.cs
  artifactKey: Guid(a17c21a9a9aa8de4fb9ab4389bf2dd95) Importer(815301076,1909f56bfc062723c751e8b465ee728b)
Start importing Assets/Script/sound.cs using Guid(a17c21a9a9aa8de4fb9ab4389bf2dd95) Importer(815301076,1909f56bfc062723c751e8b465ee728b)  -> (artifact id: '296629134ee4011cc42492ca9289ae22') in 0.006483 seconds 
========================================================================
Received Import Request.
  Time since last request: 1.831084 seconds.
  path: Assets/Script/Stage1.cs
  artifactKey: Guid(8517c1d81492c22418eb432e73984010) Importer(815301076,1909f56bfc062723c751e8b465ee728b)
Start importing Assets/Script/Stage1.cs using Guid(8517c1d81492c22418eb432e73984010) Importer(815301076,1909f56bfc062723c751e8b465ee728b)  -> (artifact id: 'ec83d107279d19ad617b6e5ebd893cbc') in 0.007117 seconds 
========================================================================
Received Import Request.
  Time since last request: 2.076333 seconds.
  path: Assets/Script/story.cs
  artifactKey: Guid(9a0a21534a881b445b9205df7d5006b7) Importer(815301076,1909f56bfc062723c751e8b465ee728b)
Start importing Assets/Script/story.cs using Guid(9a0a21534a881b445b9205df7d5006b7) Importer(815301076,1909f56bfc062723c751e8b465ee728b)  -> (artifact id: 'f7062b3f315cad4d8c79b231f611eca4') in 0.006700 seconds 
========================================================================
Received Import Request.
  Time since last request: 0.920043 seconds.
  path: Assets/Script/stroya.cs
  artifactKey: Guid(26a8882080a2fb84aab93946ebeb46e5) Importer(815301076,1909f56bfc062723c751e8b465ee728b)
Start importing Assets/Script/stroya.cs using Guid(26a8882080a2fb84aab93946ebeb46e5) Importer(815301076,1909f56bfc062723c751e8b465ee728b)  -> (artifact id: '334650a859572f4ae84598cb0b5478f0') in 0.006973 seconds 
========================================================================
Received Import Request.
  Time since last request: 1.418578 seconds.
  path: Assets/Script/text.cs
  artifactKey: Guid(556812d02ffd5054eab529eaee9a321b) Importer(815301076,1909f56bfc062723c751e8b465ee728b)
Start importing Assets/Script/text.cs using Guid(556812d02ffd5054eab529eaee9a321b) Importer(815301076,1909f56bfc062723c751e8b465ee728b)  -> (artifact id: 'aea0ae6c90a40f6e3fba4bbefc401c8a') in 0.006635 seconds 
========================================================================
Received Import Request.
  Time since last request: 2.229103 seconds.
  path: Assets/Script/MenuSelect.cs
  artifactKey: Guid(982ba272aa9350646b21a4119ba83adc) Importer(815301076,1909f56bfc062723c751e8b465ee728b)
Start importing Assets/Script/MenuSelect.cs using Guid(982ba272aa9350646b21a4119ba83adc) Importer(815301076,1909f56bfc062723c751e8b465ee728b)  -> (artifact id: '3d08375aa3e1e28368f81c9b2c046955') in 0.008426 seconds 
========================================================================
Received Import Request.
  Time since last request: 3.800437 seconds.
  path: Assets/Script/GameManager.cs
  artifactKey: Guid(75810429c3f81694eb05cd9fface03c3) Importer(815301076,1909f56bfc062723c751e8b465ee728b)
Start importing Assets/Script/GameManager.cs using Guid(75810429c3f81694eb05cd9fface03c3) Importer(815301076,1909f56bfc062723c751e8b465ee728b)  -> (artifact id: 'd80c025c109dad253f878c19bcfcbf64') in 0.007260 seconds 
========================================================================
Received Import Request.
  Time since last request: 26.542891 seconds.
  path: Assets/Script/numberkey.cs
  artifactKey: Guid(1db2fe478b1973e45b579d7a0a11f596) Importer(815301076,1909f56bfc062723c751e8b465ee728b)
Start importing Assets/Script/numberkey.cs using Guid(1db2fe478b1973e45b579d7a0a11f596) Importer(815301076,1909f56bfc062723c751e8b465ee728b)  -> (artifact id: '0c1002def1b74e891a920270b861518e') in 0.006631 seconds 
========================================================================
Received Import Request.
  Time since last request: 8.169980 seconds.
  path: Assets/Script/CameraCtrl.cs
  artifactKey: Guid(63d83219e5d26ef44b907f951e86b7a6) Importer(815301076,1909f56bfc062723c751e8b465ee728b)
Start importing Assets/Script/CameraCtrl.cs using Guid(63d83219e5d26ef44b907f951e86b7a6) Importer(815301076,1909f56bfc062723c751e8b465ee728b)  -> (artifact id: '6c0446055663fd478ad1ec08f5695102') in 0.006786 seconds 
========================================================================
Received Import Request.
  Time since last request: 82.257095 seconds.
  path: Assets/Prefab/GameManager.prefab
  artifactKey: Guid(20952cd499654d848a0b5e91e96c27bf) Importer(815301076,1909f56bfc062723c751e8b465ee728b)
Start importing Assets/Prefab/GameManager.prefab using Guid(20952cd499654d848a0b5e91e96c27bf) Importer(815301076,1909f56bfc062723c751e8b465ee728b)  -> (artifact id: '0252369382fdbf95c1dad227a99605dd') in 0.028202 seconds 
========================================================================
Received Import Request.
  Time since last request: 0.012307 seconds.
  path: Assets/Prefab/Player.prefab
  artifactKey: Guid(7c413146d585a534e90f026ee7d2de92) Importer(815301076,1909f56bfc062723c751e8b465ee728b)
Start importing Assets/Prefab/Player.prefab using Guid(7c413146d585a534e90f026ee7d2de92) Importer(815301076,1909f56bfc062723c751e8b465ee728b)  -> (artifact id: 'd34653c3f9aa31cefd306552329c2846') in 0.162374 seconds 
========================================================================
Received Import Request.
  Time since last request: 0.000025 seconds.
  path: Assets/Prefab/Wall.prefab
  artifactKey: Guid(1f9fa4ca4bafe35499c5299ca1cfb6b3) Importer(815301076,1909f56bfc062723c751e8b465ee728b)
Start importing Assets/Prefab/Wall.prefab using Guid(1f9fa4ca4bafe35499c5299ca1cfb6b3) Importer(815301076,1909f56bfc062723c751e8b465ee728b)  -> (artifact id: '224ea72ef7ca3e27b25c94ee033af1fb') in 0.012276 seconds 
========================================================================
Received Import Request.
  Time since last request: 0.000024 seconds.
  path: Assets/Prefab/temp_1687437801352.-1158336853.png
  artifactKey: Guid(b6cf06ca2e0fbe24ea1e235960117317) Importer(815301076,1909f56bfc062723c751e8b465ee728b)
Start importing Assets/Prefab/temp_1687437801352.-1158336853.png using Guid(b6cf06ca2e0fbe24ea1e235960117317) Importer(815301076,1909f56bfc062723c751e8b465ee728b)  -> (artifact id: '476e878c41cd25347020c8ad41943c1a') in 0.087498 seconds 
========================================================================
Received Import Request.
  Time since last request: 0.098237 seconds.
  path: Assets/Image/KakaoTalk_20230623_034346229.png
  artifactKey: Guid(ed32ee929abddf049862f271f14ea380) Importer(815301076,1909f56bfc062723c751e8b465ee728b)
Start importing Assets/Image/KakaoTalk_20230623_034346229.png using Guid(ed32ee929abddf049862f271f14ea380) Importer(815301076,1909f56bfc062723c751e8b465ee728b)  -> (artifact id: '1489893a3980bbb5f55b71f9f6b732b6') in 0.024338 seconds 
========================================================================
Received Import Request.
  Time since last request: 0.000020 seconds.
  path: Assets/Image/KakaoTalk_20230623_034917309.png
  artifactKey: Guid(8fb726554cdac6c4aabce3340054a56d) Importer(815301076,1909f56bfc062723c751e8b465ee728b)
Start importing Assets/Image/KakaoTalk_20230623_034917309.png using Guid(8fb726554cdac6c4aabce3340054a56d) Importer(815301076,1909f56bfc062723c751e8b465ee728b)  -> (artifact id: 'c97d85615b8c0a4f486dd7cef2a1b83a') in 0.061803 seconds 
========================================================================
Received Import Request.
  Time since last request: 0.000022 seconds.
  path: Assets/Image/ㅇㄷㅇㅍㅌ (1).png
  artifactKey: Guid(f62743412a5b5fc489894ad32dc23703) Importer(815301076,1909f56bfc062723c751e8b465ee728b)
Start importing Assets/Image/ㅇㄷㅇㅍㅌ (1).png using Guid(f62743412a5b5fc489894ad32dc23703) Importer(815301076,1909f56bfc062723c751e8b465ee728b)  -> (artifact id: 'cd68c98f485d746b1e1145d63b72c3b3') in 0.068416 seconds 
========================================================================
Received Import Request.
  Time since last request: 0.000016 seconds.
  path: Assets/Image/ㅇㄷ (1).png
  artifactKey: Guid(6dffe08c130d73f4297a72d51b7a6c94) Importer(815301076,1909f56bfc062723c751e8b465ee728b)
Start importing Assets/Image/ㅇㄷ (1).png using Guid(6dffe08c130d73f4297a72d51b7a6c94) Importer(815301076,1909f56bfc062723c751e8b465ee728b)  -> (artifact id: '11b9962b6128609f556e6218d89df243') in 0.123297 seconds 
========================================================================
Received Import Request.
  Time since last request: 0.000027 seconds.
  path: Assets/Image/KakaoTalk_20230623_034917309_03.png
  artifactKey: Guid(396a13fccad8f0e42bcdf9f88365272b) Importer(815301076,1909f56bfc062723c751e8b465ee728b)
Start importing Assets/Image/KakaoTalk_20230623_034917309_03.png using Guid(396a13fccad8f0e42bcdf9f88365272b) Importer(815301076,1909f56bfc062723c751e8b465ee728b)  -> (artifact id: '104fe835b38a41da7ac96115e07a159d') in 0.063786 seconds 
========================================================================
Received Import Request.
  Time since last request: 0.000026 seconds.
  path: Assets/Image/ㅇㄷ.png
  artifactKey: Guid(39a948503cb89dc4196e45dc2a460c7b) Importer(815301076,1909f56bfc062723c751e8b465ee728b)
Start importing Assets/Image/ㅇㄷ.png using Guid(39a948503cb89dc4196e45dc2a460c7b) Importer(815301076,1909f56bfc062723c751e8b465ee728b)  -> (artifact id: '7240c28e3b0cbe00a2dfaec075e87c69') in 0.215622 seconds 
========================================================================
Received Import Request.
  Time since last request: 0.000019 seconds.
  path: Assets/Image/그림3 (1).png
  artifactKey: Guid(f91a5b1f53736be4d991fc9bc7b7c7a5) Importer(815301076,1909f56bfc062723c751e8b465ee728b)
Start importing Assets/Image/그림3 (1).png using Guid(f91a5b1f53736be4d991fc9bc7b7c7a5) Importer(815301076,1909f56bfc062723c751e8b465ee728b)  -> (artifact id: 'a8314dfa538a16aa528fd19db539a942') in 0.196122 seconds 
========================================================================
Received Import Request.
  Time since last request: 0.123523 seconds.
  path: Assets/Font/1111.asset
  artifactKey: Guid(f6a3f53c78c8e6a49a1094691bddeab4) Importer(815301076,1909f56bfc062723c751e8b465ee728b)
Start importing Assets/Font/1111.asset using Guid(f6a3f53c78c8e6a49a1094691bddeab4) Importer(815301076,1909f56bfc062723c751e8b465ee728b)  -> (artifact id: 'caa6bc133829ed314d1ebcb1ef15de63') in 2.684101 seconds 
Editor requested this worker to shutdown with reason: Scaling down because of idle timeout
AssetImportWorker is now disconnected from the server
Process exiting
Exiting without the bug reporter. Application will terminate with return code 0