Using pre-set license
Built from '2021.3/staging' branch; Version is '2021.3.8f1 (b30333d56e81) revision 11731763'; Using compiler version '192829333'; Build Type 'Release'
OS: 'Windows 11  (10.0.22631) 64bit Core' Language: 'ko' Physical Memory: 16294 MB
BatchMode: 1, IsHumanControllingUs: 0, StartBugReporterOnCrash: 0, Is64bit: 1, IsPro: 1

COMMAND LINE ARGUMENTS:
D:\UnitySystemFile\2021.3.8f1\Editor\Unity.exe
-adb2
-batchMode
-noUpm
-name
AssetImportWorker2
-projectPath
D:/GitHub/Project/4.FiveScent/5Scent_UnityFile
-logFile
Logs/AssetImportWorker2.log
-srvPort
13003
Successfully changed project path to: D:/GitHub/Project/4.FiveScent/5Scent_UnityFile
D:/GitHub/Project/4.FiveScent/5Scent_UnityFile
[UnityMemory] Configuration Parameters - Can be set up in boot.config
    "memorysetup-bucket-allocator-granularity=16"
    "memorysetup-bucket-allocator-bucket-count=8"
    "memorysetup-bucket-allocator-block-size=33554432"
    "memorysetup-bucket-allocator-block-count=8"
    "memorysetup-main-allocator-block-size=16777216"
    "memorysetup-thread-allocator-block-size=16777216"
    "memorysetup-gfx-main-allocator-block-size=16777216"
    "memorysetup-gfx-thread-allocator-block-size=16777216"
    "memorysetup-cache-allocator-block-size=4194304"
    "memorysetup-typetree-allocator-block-size=2097152"
    "memorysetup-profiler-bucket-allocator-granularity=16"
    "memorysetup-profiler-bucket-allocator-bucket-count=8"
    "memorysetup-profiler-bucket-allocator-block-size=33554432"
    "memorysetup-profiler-bucket-allocator-block-count=8"
    "memorysetup-profiler-allocator-block-size=16777216"
    "memorysetup-profiler-editor-allocator-block-size=1048576"
    "memorysetup-temp-allocator-size-main=16777216"
    "memorysetup-job-temp-allocator-block-size=2097152"
    "memorysetup-job-temp-allocator-block-size-background=1048576"
    "memorysetup-job-temp-allocator-reduction-small-platforms=262144"
    "memorysetup-temp-allocator-size-background-worker=32768"
    "memorysetup-temp-allocator-size-job-worker=262144"
    "memorysetup-temp-allocator-size-preload-manager=33554432"
    "memorysetup-temp-allocator-size-nav-mesh-worker=65536"
    "memorysetup-temp-allocator-size-audio-worker=65536"
    "memorysetup-temp-allocator-size-cloud-worker=32768"
    "memorysetup-temp-allocator-size-gi-baking-worker=262144"
    "memorysetup-temp-allocator-size-gfx=262144"
Refreshing native plugins compatible for Editor in 81.70 ms, found 4 plugins.
Preloading 0 native plugins for Editor in 0.00 ms.
Initialize engine version: 2021.3.8f1 (b30333d56e81)
[Subsystems] Discovering subsystems at path D:/UnitySystemFile/2021.3.8f1/Editor/Data/Resources/UnitySubsystems
[Subsystems] Discovering subsystems at path D:/GitHub/Project/4.FiveScent/5Scent_UnityFile/Assets
GfxDevice: creating device client; threaded=0; jobified=0
Direct3D:
    Version:  Direct3D 11.0 [level 11.1]
    Renderer: NVIDIA GeForce RTX 2060 (ID=0x1f03)
    Vendor:   NVIDIA
    VRAM:     12087 MB
    Driver:   31.0.15.1694
Initialize mono
Mono path[0] = 'D:/UnitySystemFile/2021.3.8f1/Editor/Data/Managed'
Mono path[1] = 'D:/UnitySystemFile/2021.3.8f1/Editor/Data/MonoBleedingEdge/lib/mono/unityjit-win32'
Mono config path = 'D:/UnitySystemFile/2021.3.8f1/Editor/Data/MonoBleedingEdge/etc'
Using monoOptions --debugger-agent=transport=dt_socket,embedding=1,server=y,suspend=n,address=127.0.0.1:56184
Begin MonoManager ReloadAssembly
Registering precompiled unity dll's ...
Register platform support module: D:/UnitySystemFile/2021.3.8f1/Editor/Data/PlaybackEngines/WindowsStandaloneSupport/UnityEditor.WindowsStandalone.Extensions.dll
Registered in 0.002345 seconds.
Native extension for WindowsStandalone target not found
Refreshing native plugins compatible for Editor in 89.96 ms, found 4 plugins.
Preloading 0 native plugins for Editor in 0.00 ms.
Mono: successfully reloaded assembly
- Completed reload, in  0.551 seconds
Domain Reload Profiling:
	ReloadAssembly (552ms)
		BeginReloadAssembly (76ms)
			ExecutionOrderSort (0ms)
			DisableScriptedObjects (0ms)
			BackupInstance (0ms)
			ReleaseScriptingObjects (0ms)
			CreateAndSetChildDomain (1ms)
		EndReloadAssembly (371ms)
			LoadAssemblies (75ms)
			RebuildTransferFunctionScriptingTraits (0ms)
			SetupTypeCache (72ms)
			ReleaseScriptCaches (0ms)
			RebuildScriptCaches (22ms)
			SetupLoadedEditorAssemblies (236ms)
				LogAssemblyErrors (0ms)
				InitializePlatformSupportModulesInManaged (6ms)
				SetLoadedEditorAssemblies (0ms)
				RefreshPlugins (90ms)
				BeforeProcessingInitializeOnLoad (1ms)
				ProcessInitializeOnLoadAttributes (103ms)
				ProcessInitializeOnLoadMethodAttributes (36ms)
				AfterProcessingInitializeOnLoad (0ms)
				EditorAssembliesLoaded (0ms)
			ExecutionOrderSort2 (0ms)
			AwakeInstancesAfterBackupRestoration (0ms)
Platform modules already initialized, skipping
Registering precompiled user dll's ...
Registered in 0.006968 seconds.
Begin MonoManager ReloadAssembly
Symbol file LoadedFromMemory doesn't match image D:\GitHub\Project\4.FiveScent\5Scent_UnityFile\Library\PackageCache\com.unity.visualscripting@1.7.8\Editor\VisualScripting.Core\Dependencies\YamlDotNet\Unity.VisualScripting.YamlDotNet.dll
Symbol file LoadedFromMemory doesn't match image D:\GitHub\Project\4.FiveScent\5Scent_UnityFile\Library\PackageCache\com.unity.visualscripting@1.7.8\Editor\VisualScripting.Core\Dependencies\DotNetZip\Unity.VisualScripting.IonicZip.dll
Native extension for WindowsStandalone target not found
Refreshing native plugins compatible for Editor in 78.73 ms, found 4 plugins.
Preloading 0 native plugins for Editor in 0.00 ms.
Mono: successfully reloaded assembly
- Completed reload, in  0.950 seconds
Domain Reload Profiling:
	ReloadAssembly (950ms)
		BeginReloadAssembly (94ms)
			ExecutionOrderSort (0ms)
			DisableScriptedObjects (4ms)
			BackupInstance (0ms)
			ReleaseScriptingObjects (0ms)
			CreateAndSetChildDomain (16ms)
		EndReloadAssembly (770ms)
			LoadAssemblies (91ms)
			RebuildTransferFunctionScriptingTraits (0ms)
			SetupTypeCache (174ms)
			ReleaseScriptCaches (1ms)
			RebuildScriptCaches (43ms)
			SetupLoadedEditorAssemblies (440ms)
				LogAssemblyErrors (0ms)
				InitializePlatformSupportModulesInManaged (3ms)
				SetLoadedEditorAssemblies (0ms)
				RefreshPlugins (79ms)
				BeforeProcessingInitializeOnLoad (75ms)
				ProcessInitializeOnLoadAttributes (242ms)
				ProcessInitializeOnLoadMethodAttributes (38ms)
				AfterProcessingInitializeOnLoad (3ms)
				EditorAssembliesLoaded (0ms)
			ExecutionOrderSort2 (0ms)
			AwakeInstancesAfterBackupRestoration (5ms)
Platform modules already initialized, skipping
========================================================================
Worker process is ready to serve import requests
Launched and connected shader compiler UnityShaderCompiler.exe after 0.10 seconds
Refreshing native plugins compatible for Editor in 0.81 ms, found 4 plugins.
Preloading 0 native plugins for Editor in 0.00 ms.
Unloading 4168 Unused Serialized files (Serialized files now loaded: 0)
Unloading 38 unused Assets / (55.4 KB). Loaded Objects now: 4628.
Memory consumption went from 158.2 MB to 158.1 MB.
Total: 2.822400 ms (FindLiveObjects: 0.230200 ms CreateObjectMapping: 0.093800 ms MarkObjects: 2.420700 ms  DeleteObjects: 0.076900 ms)

AssetImportParameters requested are different than current active one (requested -> active):
  custom:video-decoder-ogg-theora: a1e56fd34408186e4bbccfd4996cb3dc -> 
  custom:container-muxer-webm: aa71ff27fc2769a1b78a27578f13a17b -> 
  custom:container-demuxer-webm: 4f35f7cbe854078d1ac9338744f61a02 -> 
  custom:video-encoder-webm-vp8: eb34c28f22e8b96e1ab97ce403110664 -> 
  custom:audio-encoder-webm-vorbis: bf7c407c2cedff20999df2af8eb42d56 -> 
  custom:framework-win-MediaFoundation: 216162199b28c13a410421893ffa2e32 -> 
  custom:container-demuxer-ogg: 62fdf1f143b41e24485cea50d1cbac27 -> 
  custom:video-decoder-webm-vp8: 9c59270c3fd7afecdb556c50c9e8de78 -> 
  custom:audio-decoder-ogg-vorbis: bf7c407c2cedff20999df2af8eb42d56 -> 
========================================================================
Received Import Request.
  Time since last request: 23661.190528 seconds.
  path: Assets/Font/NotoSansKR-Medium 1.otf
  artifactKey: Guid(03eb53f45188e174f80e4f145fb6a19a) Importer(815301076,1909f56bfc062723c751e8b465ee728b)
Start importing Assets/Font/NotoSansKR-Medium 1.otf using Guid(03eb53f45188e174f80e4f145fb6a19a) Importer(815301076,1909f56bfc062723c751e8b465ee728b)  -> (artifact id: '7490616f6df109ac2e7aa9580ae7af59') in 0.469299 seconds 
========================================================================
Received Import Request.
  Time since last request: 0.000020 seconds.
  path: Assets/Font/SUITE-Regular.otf
  artifactKey: Guid(f9ef29ef9e202df4395ab6b7598fbb04) Importer(815301076,1909f56bfc062723c751e8b465ee728b)
Start importing Assets/Font/SUITE-Regular.otf using Guid(f9ef29ef9e202df4395ab6b7598fbb04) Importer(815301076,1909f56bfc062723c751e8b465ee728b)  -> (artifact id: 'fa4a3f7a5d58085fc18e33dd758a6e2b') in 0.019868 seconds 
========================================================================
Received Import Request.
  Time since last request: 0.000032 seconds.
  path: Assets/Font/NotoSansKR-Medium.otf
  artifactKey: Guid(a4e0cef3e70118546b75854d8bf1cb9a) Importer(815301076,1909f56bfc062723c751e8b465ee728b)
Start importing Assets/Font/NotoSansKR-Medium.otf using Guid(a4e0cef3e70118546b75854d8bf1cb9a) Importer(815301076,1909f56bfc062723c751e8b465ee728b)  -> (artifact id: '4990446dbe05dc7f3fd51f224495e42f') in 0.067052 seconds 
========================================================================
Received Import Request.
  Time since last request: 2.641679 seconds.
  path: Assets/Asset/Doctor_Pack02
  artifactKey: Guid(2cc9fb0d79c319343b536d9ec95a037e) Importer(815301076,1909f56bfc062723c751e8b465ee728b)
Start importing Assets/Asset/Doctor_Pack02 using Guid(2cc9fb0d79c319343b536d9ec95a037e) Importer(815301076,1909f56bfc062723c751e8b465ee728b)  -> (artifact id: '3cc961647a616bbc38aa8a7e7c8a167c') in 0.006695 seconds 
========================================================================
Received Import Request.
  Time since last request: 0.694492 seconds.
  path: Assets/Asset/JMO Assets
  artifactKey: Guid(976974e4d3018034e87caeb9f51f20f6) Importer(815301076,1909f56bfc062723c751e8b465ee728b)
Start importing Assets/Asset/JMO Assets using Guid(976974e4d3018034e87caeb9f51f20f6) Importer(815301076,1909f56bfc062723c751e8b465ee728b)  -> (artifact id: 'b1df6bfea30faa2ac11d2782509db8d0') in 0.006299 seconds 
========================================================================
Received Import Request.
  Time since last request: 1.552758 seconds.
  path: Assets/Asset/Scenes
  artifactKey: Guid(131a6b21c8605f84396be9f6751fb6e3) Importer(815301076,1909f56bfc062723c751e8b465ee728b)
Start importing Assets/Asset/Scenes using Guid(131a6b21c8605f84396be9f6751fb6e3) Importer(815301076,1909f56bfc062723c751e8b465ee728b)  -> (artifact id: '2c23e514d24f6b65fe96946cd87fc526') in 0.006803 seconds 
========================================================================
Received Import Request.
  Time since last request: 0.589543 seconds.
  path: Assets/Asset/Scenes/SampleScene.unity
  artifactKey: Guid(2cda990e2423bbf4892e6590ba056729) Importer(815301076,1909f56bfc062723c751e8b465ee728b)
Start importing Assets/Asset/Scenes/SampleScene.unity using Guid(2cda990e2423bbf4892e6590ba056729) Importer(815301076,1909f56bfc062723c751e8b465ee728b)  -> (artifact id: '0c7ae908d4e26204fde2ce177ea23880') in 0.006479 seconds 
========================================================================
Received Import Request.
  Time since last request: 7.841437 seconds.
  path: Assets/SCene/Scene_middle.unity
  artifactKey: Guid(5f2e9c95d705e454893e1786da12d04c) Importer(815301076,1909f56bfc062723c751e8b465ee728b)
Start importing Assets/SCene/Scene_middle.unity using Guid(5f2e9c95d705e454893e1786da12d04c) Importer(815301076,1909f56bfc062723c751e8b465ee728b)  -> (artifact id: '84ffcdb9fd39fe825232bd4c03481196') in 0.008029 seconds 
========================================================================
Received Import Request.
  Time since last request: 3.170347 seconds.
  path: Assets/SCene/Scene_modern.unity
  artifactKey: Guid(83728ab34b5a3634aa72a7fd7ac04a2d) Importer(815301076,1909f56bfc062723c751e8b465ee728b)
Start importing Assets/SCene/Scene_modern.unity using Guid(83728ab34b5a3634aa72a7fd7ac04a2d) Importer(815301076,1909f56bfc062723c751e8b465ee728b)  -> (artifact id: '6e71b6cff9044e2b6aa93bba2a9f53c8') in 0.006389 seconds 
========================================================================
Received Import Request.
  Time since last request: 2.394711 seconds.
  path: Assets/SCene/Scene_primitive.unity
  artifactKey: Guid(2973e2de2c02aca4e86f641538b41656) Importer(815301076,1909f56bfc062723c751e8b465ee728b)
Start importing Assets/SCene/Scene_primitive.unity using Guid(2973e2de2c02aca4e86f641538b41656) Importer(815301076,1909f56bfc062723c751e8b465ee728b)  -> (artifact id: '98c02af88c736019e48affbdb5420980') in 0.007334 seconds 
